<?xml version="1.0" encoding="UTF-8"?>
<testsuite xmlns:xsi="http://www.w3.org/2001/XMLSchema-instance" xsi:noNamespaceSchemaLocation="https://maven.apache.org/surefire/maven-surefire-plugin/xsd/surefire-test-report.xsd" version="3.0.2" name="com.example.maintenance.MaintenanceApplicationTests" time="5.22" tests="1" errors="0" skipped="0" failures="0">
  <properties>
[...]
</properties>
  <testcase name="contextLoads" classname="com.example.maintenance.MaintenanceApplicationTests" time="0.661">
    <system-out><![CDATA[23:47:06.866 [main] INFO org.springframework.test.context.support.AnnotationConfigContextLoaderUtils -- Could not detect default configuration classes for test class [com.example.maintenance.MaintenanceApplicationTests]: MaintenanceApplicationTests does not declare any static, non-private, non-final, nested classes annotated with @Configuration.
23:47:07.009 [main] INFO org.springframework.boot.test.context.SpringBootTestContextBootstrapper -- Found @SpringBootConfiguration com.example.maintenance.MaintenanceApplication for test class com.example.maintenance.MaintenanceApplicationTests

  .   ____          _            __ _ _
 /\\ / ___'_ __ _ _(_)_ __  __ _ \ \ \ \
( ( )\___ | '_ | '_| | '_ \/ _` | \ \ \ \
 \\/  ___)| |_)| | | | | || (_| |  ) ) ) )
  '  |____| .__|_| |_|_| |_\__, | / / / /
 =========|_|==============|___/=/_/_/_/

 :: Spring Boot ::                (v4.0.0)

2025-12-13T23:47:07.567+08:00  INFO 6288 --- [maintenance] [           main] c.e.m.MaintenanceApplicationTests        : Starting MaintenanceApplicationTests using Java 21.0.9 with PID 6288 (started by KY YAP in C:\Users\KY YAP\OneDrive\Documents\maintenance)
2025-12-13T23:47:07.571+08:00 DEBUG 6288 --- [maintenance] [           main] c.e.m.MaintenanceApplicationTests        : Running with Spring Boot v4.0.0, Spring v7.0.1
2025-12-13T23:47:07.571+08:00  INFO 6288 --- [maintenance] [           main] c.e.m.MaintenanceApplicationTests        : No active profile set, falling back to 1 default profile: "default"
2025-12-13T23:47:09.055+08:00  INFO 6288 --- [maintenance] [           main] c.example.maintenance.config.AppConfig   : Firebase Admin SDK initialized successfully
2025-12-13T23:47:11.140+08:00  INFO 6288 --- [maintenance] [           main] c.e.m.MaintenanceApplicationTests        : Started MaintenanceApplicationTests in 3.956 seconds (process running for 5.495)
]]></system-out>
    <system-err><![CDATA[Mockito is currently self-attaching to enable the inline-mock-maker. This will no longer work in future releases of the JDK. Please add Mockito as an agent to your build as described in Mockito's documentation: https://javadoc.io/doc/org.mockito/mockito-core/latest/org.mockito/org/mockito/Mockito.html#0.3
WARNING: A Java agent has been loaded dynamically (C:\Users\KY YAP\.m2\repository\net\bytebuddy\byte-buddy-agent\1.17.8\byte-buddy-agent-1.17.8.jar)
WARNING: If a serviceability tool is in use, please run with -XX:+EnableDynamicAgentLoading to hide this warning
WARNING: If a serviceability tool is not in use, please run with -Djdk.instrument.traceUsage for more information
WARNING: Dynamic loading of agents will be disallowed by default in a future release
]]></system-err>
  </testcase>
</testsuite>